<?xml version="1.0" encoding="UTF-8"?>
<robot generator="Robot 6.1 (Python 3.11.4 on win32)" generated="20230623 17:38:48.873" rpa="false" schemaversion="4">
<suite id="s1" name="Fe-Sign-In" source="C:\Users\ITAMOJT-009\Documents\GitHub\Automation-Practice\OTP\testsuites\fe-sign-in.robot">
<test id="s1-t1" name="Scenario: OTP verification" line="7">
<kw name="Launch Testing Website" library="setup-teardown" type="SETUP">
<arg>${website_url}</arg>
<kw name="Main Setup" library="setup-teardown">
<arg>${url}</arg>
<kw name="Empty Directory" library="OperatingSystem">
<arg>../alerts/testsuites/screenshots</arg>
<doc>Deletes all the content from the given directory.</doc>
<msg timestamp="20230623 17:38:52.322" level="INFO" html="true">Listing contents of directory '&lt;a href="file://C:\Users\ITAMOJT-009\Documents\GitHub\Automation-Practice\alerts\testsuites\screenshots"&gt;C:\Users\ITAMOJT-009\Documents\GitHub\Automation-Practice\alerts\testsuites\screenshots&lt;/a&gt;'.</msg>
<msg timestamp="20230623 17:38:52.330" level="INFO" html="true">Emptied directory '&lt;a href="file://C:\Users\ITAMOJT-009\Documents\GitHub\Automation-Practice\alerts\testsuites\screenshots"&gt;C:\Users\ITAMOJT-009\Documents\GitHub\Automation-Practice\alerts\testsuites\screenshots&lt;/a&gt;'.</msg>
<status status="PASS" starttime="20230623 17:38:52.322" endtime="20230623 17:38:52.330"/>
</kw>
<kw name="Set Screenshot Directory" library="Selenium2Library">
<arg>../alerts/testsuites/screenshots</arg>
<doc>Sets the directory for captured screenshots.</doc>
<status status="PASS" starttime="20230623 17:38:52.331" endtime="20230623 17:38:52.331"/>
</kw>
<kw name="Open Browser" library="Selenium2Library">
<arg>${url}</arg>
<arg>Google Chrome</arg>
<doc>Opens a new browser instance to the optional ``url``.</doc>
<msg timestamp="20230623 17:38:52.331" level="INFO">Opening browser 'Google Chrome' to base url 'https://accounts.google.com/'.</msg>
<msg timestamp="20230623 17:38:52.344" level="INFO">Executing: C:\Users\ITAMOJT-009\AppData\Local\Programs\Python\Python311\Lib\site-packages\selenium\webdriver\common\windows\selenium-manager.exe --browser chrome --output json</msg>
<status status="PASS" starttime="20230623 17:38:52.331" endtime="20230623 17:38:56.589"/>
</kw>
<kw name="Maximize Browser Window" library="Selenium2Library">
<doc>Maximizes current browser window.</doc>
<status status="PASS" starttime="20230623 17:38:56.590" endtime="20230623 17:38:56.714"/>
</kw>
<status status="PASS" starttime="20230623 17:38:52.322" endtime="20230623 17:38:56.714"/>
</kw>
<status status="PASS" starttime="20230623 17:38:52.322" endtime="20230623 17:38:56.714"/>
</kw>
<kw name="Given I logged in using valid credentials" library="sign-in-keywords">
<kw name="Verify If Text Is Existing" library="global-keywords">
<arg>${sign_in_header_locator}</arg>
<kw name="Wait Until Keyword Succeeds" library="BuiltIn">
<arg>10s</arg>
<arg>1s</arg>
<arg>Page Should Contain</arg>
<arg>${locator}</arg>
<doc>Runs the specified keyword and retries if it fails.</doc>
<kw name="Page Should Contain" library="Selenium2Library">
<arg>${locator}</arg>
<doc>Verifies that current page contains ``text``.</doc>
<msg timestamp="20230623 17:38:56.736" level="INFO">Current page contains text 'Sign in'.</msg>
<status status="PASS" starttime="20230623 17:38:56.716" endtime="20230623 17:38:56.736"/>
</kw>
<status status="PASS" starttime="20230623 17:38:56.715" endtime="20230623 17:38:56.736"/>
</kw>
<status status="PASS" starttime="20230623 17:38:56.715" endtime="20230623 17:38:56.736"/>
</kw>
<kw name="Type A Specific Text" library="global-keywords">
<arg>${email_locator}</arg>
<arg>${email}</arg>
<kw name="Wait Until Keyword Succeeds" library="BuiltIn">
<arg>10s</arg>
<arg>1s</arg>
<arg>Selenium2Library.Input Text</arg>
<arg>${locator}</arg>
<arg>${text}</arg>
<doc>Runs the specified keyword and retries if it fails.</doc>
<kw name="Input Text" library="Selenium2Library">
<arg>${locator}</arg>
<arg>${text}</arg>
<doc>Types the given ``text`` into the text field identified by ``locator``.</doc>
<msg timestamp="20230623 17:38:56.737" level="INFO">Typing text 'forOtpTesting123@gmail.com' into text field 'name=identifier'.</msg>
<status status="PASS" starttime="20230623 17:38:56.737" endtime="20230623 17:38:56.856"/>
</kw>
<status status="PASS" starttime="20230623 17:38:56.736" endtime="20230623 17:38:56.856"/>
</kw>
<status status="PASS" starttime="20230623 17:38:56.736" endtime="20230623 17:38:56.856"/>
</kw>
<kw name="Click Specific Element" library="global-keywords">
<arg>${next_button}</arg>
<kw name="Wait Until Keyword Succeeds" library="BuiltIn">
<arg>10s</arg>
<arg>1s</arg>
<arg>Click Element</arg>
<arg>${locator}</arg>
<doc>Runs the specified keyword and retries if it fails.</doc>
<kw name="Click Element" library="Selenium2Library">
<arg>${locator}</arg>
<doc>Click the element identified by ``locator``.</doc>
<msg timestamp="20230623 17:38:56.857" level="INFO">Clicking element '//span[contains(text(),'Next')]'.</msg>
<status status="PASS" starttime="20230623 17:38:56.857" endtime="20230623 17:38:56.968"/>
</kw>
<status status="PASS" starttime="20230623 17:38:56.856" endtime="20230623 17:38:56.968"/>
</kw>
<status status="PASS" starttime="20230623 17:38:56.856" endtime="20230623 17:38:56.968"/>
</kw>
<kw name="Type A Specific Text" library="global-keywords">
<arg>${password_locator}</arg>
<arg>${password}</arg>
<kw name="Wait Until Keyword Succeeds" library="BuiltIn">
<arg>10s</arg>
<arg>1s</arg>
<arg>Selenium2Library.Input Text</arg>
<arg>${locator}</arg>
<arg>${text}</arg>
<doc>Runs the specified keyword and retries if it fails.</doc>
<kw name="Input Text" library="Selenium2Library">
<arg>${locator}</arg>
<arg>${text}</arg>
<doc>Types the given ``text`` into the text field identified by ``locator``.</doc>
<msg timestamp="20230623 17:38:56.970" level="INFO">Typing text '/\uT0m4T!0|\|' into text field 'name=Passwd'.</msg>
<msg timestamp="20230623 17:38:57.160" level="INFO" html="true">&lt;/td&gt;&lt;/tr&gt;&lt;tr&gt;&lt;td colspan="3"&gt;&lt;a href="../../../alerts/testsuites/screenshots/selenium-screenshot-1.png"&gt;&lt;img src="../../../alerts/testsuites/screenshots/selenium-screenshot-1.png" width="800px"&gt;&lt;/a&gt;</msg>
<msg timestamp="20230623 17:38:57.160" level="FAIL">Element with locator 'name=Passwd' not found.</msg>
<status status="FAIL" starttime="20230623 17:38:56.969" endtime="20230623 17:38:57.163"/>
</kw>
<kw name="Input Text" library="Selenium2Library">
<arg>${locator}</arg>
<arg>${text}</arg>
<doc>Types the given ``text`` into the text field identified by ``locator``.</doc>
<msg timestamp="20230623 17:38:58.164" level="INFO">Typing text '/\uT0m4T!0|\|' into text field 'name=Passwd'.</msg>
<msg timestamp="20230623 17:38:58.364" level="INFO" html="true">&lt;/td&gt;&lt;/tr&gt;&lt;tr&gt;&lt;td colspan="3"&gt;&lt;a href="../../../alerts/testsuites/screenshots/selenium-screenshot-2.png"&gt;&lt;img src="../../../alerts/testsuites/screenshots/selenium-screenshot-2.png" width="800px"&gt;&lt;/a&gt;</msg>
<msg timestamp="20230623 17:38:58.364" level="FAIL">Element with locator 'name=Passwd' not found.</msg>
<status status="FAIL" starttime="20230623 17:38:58.163" endtime="20230623 17:38:58.364"/>
</kw>
<kw name="Input Text" library="Selenium2Library">
<arg>${locator}</arg>
<arg>${text}</arg>
<doc>Types the given ``text`` into the text field identified by ``locator``.</doc>
<msg timestamp="20230623 17:38:59.365" level="INFO">Typing text '/\uT0m4T!0|\|' into text field 'name=Passwd'.</msg>
<msg timestamp="20230623 17:38:59.519" level="INFO" html="true">&lt;/td&gt;&lt;/tr&gt;&lt;tr&gt;&lt;td colspan="3"&gt;&lt;a href="../../../alerts/testsuites/screenshots/selenium-screenshot-3.png"&gt;&lt;img src="../../../alerts/testsuites/screenshots/selenium-screenshot-3.png" width="800px"&gt;&lt;/a&gt;</msg>
<msg timestamp="20230623 17:38:59.519" level="FAIL">Element with locator 'name=Passwd' not found.</msg>
<status status="FAIL" starttime="20230623 17:38:59.364" endtime="20230623 17:38:59.521"/>
</kw>
<kw name="Input Text" library="Selenium2Library">
<arg>${locator}</arg>
<arg>${text}</arg>
<doc>Types the given ``text`` into the text field identified by ``locator``.</doc>
<msg timestamp="20230623 17:39:00.521" level="INFO">Typing text '/\uT0m4T!0|\|' into text field 'name=Passwd'.</msg>
<status status="PASS" starttime="20230623 17:39:00.521" endtime="20230623 17:39:00.606"/>
</kw>
<status status="PASS" starttime="20230623 17:38:56.969" endtime="20230623 17:39:00.606"/>
</kw>
<status status="PASS" starttime="20230623 17:38:56.969" endtime="20230623 17:39:00.606"/>
</kw>
<kw name="Click Specific Element" library="global-keywords">
<arg>${next_button}</arg>
<kw name="Wait Until Keyword Succeeds" library="BuiltIn">
<arg>10s</arg>
<arg>1s</arg>
<arg>Click Element</arg>
<arg>${locator}</arg>
<doc>Runs the specified keyword and retries if it fails.</doc>
<kw name="Click Element" library="Selenium2Library">
<arg>${locator}</arg>
<doc>Click the element identified by ``locator``.</doc>
<msg timestamp="20230623 17:39:00.607" level="INFO">Clicking element '//span[contains(text(),'Next')]'.</msg>
<status status="PASS" starttime="20230623 17:39:00.606" endtime="20230623 17:39:00.664"/>
</kw>
<status status="PASS" starttime="20230623 17:39:00.606" endtime="20230623 17:39:00.664"/>
</kw>
<status status="PASS" starttime="20230623 17:39:00.606" endtime="20230623 17:39:00.664"/>
</kw>
<status status="PASS" starttime="20230623 17:38:56.715" endtime="20230623 17:39:00.664"/>
</kw>
<kw name="And I am in the OTP page" library="sign-in-keywords">
<kw name="Verify If Text Is Existing" library="global-keywords">
<arg>${otp_header_locator}</arg>
<kw name="Wait Until Keyword Succeeds" library="BuiltIn">
<arg>10s</arg>
<arg>1s</arg>
<arg>Page Should Contain</arg>
<arg>${locator}</arg>
<doc>Runs the specified keyword and retries if it fails.</doc>
<kw name="Page Should Contain" library="Selenium2Library">
<arg>${locator}</arg>
<doc>Verifies that current page contains ``text``.</doc>
<msg timestamp="20230623 17:39:00.963" level="INFO" html="true">&lt;/td&gt;&lt;/tr&gt;&lt;tr&gt;&lt;td colspan="3"&gt;&lt;a href="../../../alerts/testsuites/screenshots/selenium-screenshot-4.png"&gt;&lt;img src="../../../alerts/testsuites/screenshots/selenium-screenshot-4.png" width="800px"&gt;&lt;/a&gt;</msg>
<msg timestamp="20230623 17:39:00.964" level="FAIL">Page should have contained text '2-Step Verification' but did not.</msg>
<status status="FAIL" starttime="20230623 17:39:00.666" endtime="20230623 17:39:00.965"/>
</kw>
<kw name="Page Should Contain" library="Selenium2Library">
<arg>${locator}</arg>
<doc>Verifies that current page contains ``text``.</doc>
<msg timestamp="20230623 17:39:02.220" level="INFO">Current page contains text '2-Step Verification'.</msg>
<status status="PASS" starttime="20230623 17:39:01.966" endtime="20230623 17:39:02.220"/>
</kw>
<status status="PASS" starttime="20230623 17:39:00.665" endtime="20230623 17:39:02.220"/>
</kw>
<status status="PASS" starttime="20230623 17:39:00.665" endtime="20230623 17:39:02.220"/>
</kw>
<status status="PASS" starttime="20230623 17:39:00.665" endtime="20230623 17:39:02.220"/>
</kw>
<kw name="When I get the OTP from another page" library="sign-in-keywords">
<kw name="Open New Tab" library="global-keywords">
<kw name="Execute Javascript" library="Selenium2Library">
<arg>window.open('${otp_url}')</arg>
<doc>Executes the given JavaScript code with possible arguments.</doc>
<msg timestamp="20230623 17:39:02.222" level="INFO">Executing JavaScript:
window.open('https://totp.danhersam.com/')
Without any arguments.</msg>
<status status="PASS" starttime="20230623 17:39:02.221" endtime="20230623 17:39:02.253"/>
</kw>
<status status="PASS" starttime="20230623 17:39:02.221" endtime="20230623 17:39:02.253"/>
</kw>
<kw name="Get Window Titles" library="Selenium2Library">
<var>${handle}</var>
<doc>Returns and logs titles of all windows of the selected browser.</doc>
<msg timestamp="20230623 17:39:03.797" level="INFO">Altogether 2 items.
1: Sign in - Google Accounts
2: TOTP Generator</msg>
<msg timestamp="20230623 17:39:03.797" level="INFO">${handle} = ['Sign in - Google Accounts', 'TOTP Generator']</msg>
<status status="PASS" starttime="20230623 17:39:02.253" endtime="20230623 17:39:03.798"/>
</kw>
<kw name="Switch Window" library="Selenium2Library">
<arg>title=${handle}[1]</arg>
<doc>Switches to browser window matching ``locator``.</doc>
<status status="PASS" starttime="20230623 17:39:03.798" endtime="20230623 17:39:03.837"/>
</kw>
<kw name="Type A Specific Text" library="global-keywords">
<arg>${secret_key_locator}</arg>
<arg>${secret_key}</arg>
<kw name="Wait Until Keyword Succeeds" library="BuiltIn">
<arg>10s</arg>
<arg>1s</arg>
<arg>Selenium2Library.Input Text</arg>
<arg>${locator}</arg>
<arg>${text}</arg>
<doc>Runs the specified keyword and retries if it fails.</doc>
<kw name="Input Text" library="Selenium2Library">
<arg>${locator}</arg>
<arg>${text}</arg>
<doc>Types the given ``text`` into the text field identified by ``locator``.</doc>
<msg timestamp="20230623 17:39:03.839" level="INFO">Typing text 'sxmr44n6qzesvn4rd43vvjdrfozxcao4' into text field '//body/section[@id='app']/div[1]/div[1]/div[1]/input[1]'.</msg>
<status status="PASS" starttime="20230623 17:39:03.838" endtime="20230623 17:39:03.958"/>
</kw>
<status status="PASS" starttime="20230623 17:39:03.838" endtime="20230623 17:39:03.958"/>
</kw>
<status status="PASS" starttime="20230623 17:39:03.837" endtime="20230623 17:39:03.958"/>
</kw>
<kw name="Sleep" library="BuiltIn">
<arg>3s</arg>
<doc>Pauses the test executed for the given time.</doc>
<msg timestamp="20230623 17:39:06.959" level="INFO">Slept 3 seconds</msg>
<status status="PASS" starttime="20230623 17:39:03.958" endtime="20230623 17:39:06.959"/>
</kw>
<kw name="Get The Value" library="global-keywords">
<var>${value}</var>
<arg>${otp_timer_value}</arg>
<kw name="Wait Until Keyword Succeeds" library="BuiltIn">
<arg>10s</arg>
<arg>1s</arg>
<arg>Get Value</arg>
<arg>${locator}</arg>
<doc>Runs the specified keyword and retries if it fails.</doc>
<kw name="Get Value" library="Selenium2Library">
<arg>${locator}</arg>
<doc>Returns the value attribute of the element identified by ``locator``.</doc>
<status status="PASS" starttime="20230623 17:39:06.962" endtime="20230623 17:39:07.025"/>
</kw>
<status status="PASS" starttime="20230623 17:39:06.961" endtime="20230623 17:39:07.025"/>
</kw>
<msg timestamp="20230623 17:39:07.025" level="INFO">${value} = None</msg>
<status status="PASS" starttime="20230623 17:39:06.959" endtime="20230623 17:39:07.025"/>
</kw>
<kw name="Get Text" library="Selenium2Library">
<var>${stored_otp_value}</var>
<arg>${otp_value_locator}</arg>
<doc>Returns the text value of the element identified by ``locator``.</doc>
<msg timestamp="20230623 17:39:07.056" level="INFO">${stored_otp_value} = 539254</msg>
<status status="PASS" starttime="20230623 17:39:07.025" endtime="20230623 17:39:07.056"/>
</kw>
<kw name="Switch Window" library="Selenium2Library">
<arg>title=${handle}[0]</arg>
<doc>Switches to browser window matching ``locator``.</doc>
<status status="PASS" starttime="20230623 17:39:07.056" endtime="20230623 17:39:07.085"/>
</kw>
<kw name="Type A Specific Text" library="global-keywords">
<arg>${otp_locator}</arg>
<arg>${stored_otp_value}</arg>
<kw name="Wait Until Keyword Succeeds" library="BuiltIn">
<arg>10s</arg>
<arg>1s</arg>
<arg>Selenium2Library.Input Text</arg>
<arg>${locator}</arg>
<arg>${text}</arg>
<doc>Runs the specified keyword and retries if it fails.</doc>
<kw name="Input Text" library="Selenium2Library">
<arg>${locator}</arg>
<arg>${text}</arg>
<doc>Types the given ``text`` into the text field identified by ``locator``.</doc>
<msg timestamp="20230623 17:39:07.086" level="INFO">Typing text '539254' into text field 'name=totpPin'.</msg>
<status status="PASS" starttime="20230623 17:39:07.086" endtime="20230623 17:39:07.141"/>
</kw>
<status status="PASS" starttime="20230623 17:39:07.086" endtime="20230623 17:39:07.142"/>
</kw>
<status status="PASS" starttime="20230623 17:39:07.085" endtime="20230623 17:39:07.142"/>
</kw>
<kw name="Click Specific Element" library="global-keywords">
<arg>${uncheck}</arg>
<kw name="Wait Until Keyword Succeeds" library="BuiltIn">
<arg>10s</arg>
<arg>1s</arg>
<arg>Click Element</arg>
<arg>${locator}</arg>
<doc>Runs the specified keyword and retries if it fails.</doc>
<kw name="Click Element" library="Selenium2Library">
<arg>${locator}</arg>
<doc>Click the element identified by ``locator``.</doc>
<msg timestamp="20230623 17:39:07.143" level="INFO">Clicking element 'css:input.VfPpkd-muHVFf-bMcfAe'.</msg>
<status status="PASS" starttime="20230623 17:39:07.142" endtime="20230623 17:39:07.189"/>
</kw>
<status status="PASS" starttime="20230623 17:39:07.142" endtime="20230623 17:39:07.189"/>
</kw>
<status status="PASS" starttime="20230623 17:39:07.142" endtime="20230623 17:39:07.190"/>
</kw>
<kw name="Click Specific Element" library="global-keywords">
<arg>${next_button}</arg>
<kw name="Wait Until Keyword Succeeds" library="BuiltIn">
<arg>10s</arg>
<arg>1s</arg>
<arg>Click Element</arg>
<arg>${locator}</arg>
<doc>Runs the specified keyword and retries if it fails.</doc>
<kw name="Click Element" library="Selenium2Library">
<arg>${locator}</arg>
<doc>Click the element identified by ``locator``.</doc>
<msg timestamp="20230623 17:39:07.191" level="INFO">Clicking element '//span[contains(text(),'Next')]'.</msg>
<status status="PASS" starttime="20230623 17:39:07.191" endtime="20230623 17:39:07.237"/>
</kw>
<status status="PASS" starttime="20230623 17:39:07.190" endtime="20230623 17:39:07.237"/>
</kw>
<status status="PASS" starttime="20230623 17:39:07.190" endtime="20230623 17:39:07.237"/>
</kw>
<status status="PASS" starttime="20230623 17:39:02.221" endtime="20230623 17:39:07.237"/>
</kw>
<kw name="Then I should be able to login successfully" library="sign-in-keywords">
<kw name="Verify If Text Is Existing" library="global-keywords">
<arg>${successfull_login_message}</arg>
<kw name="Wait Until Keyword Succeeds" library="BuiltIn">
<arg>10s</arg>
<arg>1s</arg>
<arg>Page Should Contain</arg>
<arg>${locator}</arg>
<doc>Runs the specified keyword and retries if it fails.</doc>
<kw name="Page Should Contain" library="Selenium2Library">
<arg>${locator}</arg>
<doc>Verifies that current page contains ``text``.</doc>
<msg timestamp="20230623 17:39:07.688" level="INFO" html="true">&lt;/td&gt;&lt;/tr&gt;&lt;tr&gt;&lt;td colspan="3"&gt;&lt;a href="../../../alerts/testsuites/screenshots/selenium-screenshot-5.png"&gt;&lt;img src="../../../alerts/testsuites/screenshots/selenium-screenshot-5.png" width="800px"&gt;&lt;/a&gt;</msg>
<msg timestamp="20230623 17:39:07.688" level="FAIL">Page should have contained text 'Welcome, testing' but did not.</msg>
<status status="FAIL" starttime="20230623 17:39:07.240" endtime="20230623 17:39:07.688"/>
</kw>
<kw name="Page Should Contain" library="Selenium2Library">
<arg>${locator}</arg>
<doc>Verifies that current page contains ``text``.</doc>
<msg timestamp="20230623 17:39:13.728" level="INFO" html="true">&lt;/td&gt;&lt;/tr&gt;&lt;tr&gt;&lt;td colspan="3"&gt;&lt;a href="../../../alerts/testsuites/screenshots/selenium-screenshot-6.png"&gt;&lt;img src="../../../alerts/testsuites/screenshots/selenium-screenshot-6.png" width="800px"&gt;&lt;/a&gt;</msg>
<msg timestamp="20230623 17:39:13.728" level="FAIL">Page should have contained text 'Welcome, testing' but did not.</msg>
<status status="FAIL" starttime="20230623 17:39:08.689" endtime="20230623 17:39:13.729"/>
</kw>
<kw name="Page Should Contain" library="Selenium2Library">
<arg>${locator}</arg>
<doc>Verifies that current page contains ``text``.</doc>
<msg timestamp="20230623 17:39:14.749" level="INFO">Current page contains text 'Welcome, testing'.</msg>
<status status="PASS" starttime="20230623 17:39:14.729" endtime="20230623 17:39:14.749"/>
</kw>
<status status="PASS" starttime="20230623 17:39:07.239" endtime="20230623 17:39:14.749"/>
</kw>
<status status="PASS" starttime="20230623 17:39:07.239" endtime="20230623 17:39:14.749"/>
</kw>
<status status="PASS" starttime="20230623 17:39:07.238" endtime="20230623 17:39:14.749"/>
</kw>
<kw name="Main Teardown" library="setup-teardown" type="TEARDOWN">
<kw name="Capture Page Screenshot" library="Selenium2Library">
<doc>Takes a screenshot of the current page and embeds it into a log file.</doc>
<msg timestamp="20230623 17:39:14.903" level="INFO" html="true">&lt;/td&gt;&lt;/tr&gt;&lt;tr&gt;&lt;td colspan="3"&gt;&lt;a href="../../../alerts/testsuites/screenshots/selenium-screenshot-7.png"&gt;&lt;img src="../../../alerts/testsuites/screenshots/selenium-screenshot-7.png" width="800px"&gt;&lt;/a&gt;</msg>
<status status="PASS" starttime="20230623 17:39:14.750" endtime="20230623 17:39:14.903"/>
</kw>
<kw name="Close All Browsers" library="Selenium2Library">
<doc>Closes all open browsers and resets the browser cache.</doc>
<status status="PASS" starttime="20230623 17:39:14.903" endtime="20230623 17:39:21.262"/>
</kw>
<status status="PASS" starttime="20230623 17:39:14.750" endtime="20230623 17:39:21.263"/>
</kw>
<tag>OTP Verification</tag>
<status status="PASS" starttime="20230623 17:38:52.321" endtime="20230623 17:39:21.263"/>
</test>
<status status="PASS" starttime="20230623 17:38:48.875" endtime="20230623 17:39:21.267"/>
</suite>
<statistics>
<total>
<stat pass="1" fail="0" skip="0">All Tests</stat>
</total>
<tag>
<stat pass="1" fail="0" skip="0">OTP Verification</stat>
</tag>
<suite>
<stat pass="1" fail="0" skip="0" id="s1" name="Fe-Sign-In">Fe-Sign-In</stat>
</suite>
</statistics>
<errors>
<msg timestamp="20230623 17:38:52.305" level="ERROR">Error in file 'C:\Users\ITAMOJT-009\Documents\GitHub\Automation-Practice\OTP\settings\library-resources.robot' on line 7: Importing library 'otp' failed: ModuleNotFoundError: No module named 'otp'
Traceback (most recent call last):
  None
PYTHONPATH:
  C:\Users\ITAMOJT-009\AppData\Local\Programs\Python\Python311\Scripts\robot.exe
  C:\Users\ITAMOJT-009\AppData\Local\Programs\Python\Python311\python311.zip
  C:\Users\ITAMOJT-009\AppData\Local\Programs\Python\Python311\DLLs
  C:\Users\ITAMOJT-009\AppData\Local\Programs\Python\Python311\Lib
  C:\Users\ITAMOJT-009\AppData\Local\Programs\Python\Python311
  C:\Users\ITAMOJT-009\AppData\Local\Programs\Python\Python311\Lib\site-packages</msg>
</errors>
</robot>
